<?xml version="1.0" encoding="UTF-8"?>
<testsuite xmlns:xsi="http://www.w3.org/2001/XMLSchema-instance" xsi:noNamespaceSchemaLocation="https://maven.apache.org/surefire/maven-surefire-plugin/xsd/surefire-test-report-3.0.xsd" version="3.0" name="runners.TestRunner" time="45.608" tests="2" errors="0" skipped="0" failures="0">
  <properties>
[...]
</properties>
  <testcase name="Verify Book Motor homes return expected search results #1" classname="This is a UIDemo feature" time="24.084">
    <system-out><![CDATA[
Scenario Outline: Verify Book Motor homes return expected search results                                           # src/test/feature/UIDemo.feature:12
  Given user is on Google Home Page                                                                                # stepDefinitions.Steps.userIsOnGoogleHomePage()
  When user searches for "maui"                                                                                    # stepDefinitions.Steps.userSearchesFor(java.lang.String)
  Then user goes to "maui" rental home page                                                                        # stepDefinitions.Steps.userGoesToRentalHomePage(java.lang.String)
  When user provides "New Zealand"                                                                                 # stepDefinitions.Steps.userProvides(java.lang.String)
  And user provides book details "30-April-2022", "08-May-2022", "Auckland", "Auckland", "A2-C2" and "New Zealand" # stepDefinitions.Steps.userProvidesBookDetailsAnd(java.lang.String,java.lang.String,java.lang.String,java.lang.String,java.lang.String,java.lang.String)
  And user clicks on SEARCH button                                                                                 # stepDefinitions.Steps.userClicksOnSEARCHButton()
  Then there should be "2 Results" results returned                                                                # stepDefinitions.Steps.thereShouldBeResultsReturned(java.lang.String)
]]></system-out>
    <system-err><![CDATA[SLF4J: Failed to load class "org.slf4j.impl.StaticLoggerBinder".
SLF4J: Defaulting to no-operation (NOP) logger implementation
SLF4J: See http://www.slf4j.org/codes.html#StaticLoggerBinder for further details.
Starting ChromeDriver 100.0.4896.60 (6a5d10861ce8de5fce22564658033b43cb7de047-refs/branch-heads/4896@{#875}) on port 60230
Only local connections are allowed.
Please see https://chromedriver.chromium.org/security-considerations for suggestions on keeping ChromeDriver safe.
ChromeDriver was started successfully.
Apr 11, 2022 2:31:16 PM org.openqa.selenium.remote.ProtocolHandshake createSession
INFO: Detected dialect: W3C
Apr 11, 2022 2:31:16 PM org.openqa.selenium.devtools.CdpVersionFinder findNearestMatch
WARNING: Unable to find an exact match for CDP version 100, so returning the closest version found: 99
Apr 11, 2022 2:31:16 PM org.openqa.selenium.devtools.CdpVersionFinder findNearestMatch
INFO: Found CDP implementation for version 100 of 99
]]></system-err>
  </testcase>
  <testcase name="Verify Book Motor homes return expected search results #2" classname="This is a UIDemo feature" time="20.204">
    <system-out><![CDATA[
Scenario Outline: Verify Book Motor homes return expected search results                                           # src/test/feature/UIDemo.feature:13
  Given user is on Google Home Page                                                                                # stepDefinitions.Steps.userIsOnGoogleHomePage()
  When user searches for "britz"                                                                                   # stepDefinitions.Steps.userSearchesFor(java.lang.String)
  Then user goes to "britz" rental home page                                                                       # stepDefinitions.Steps.userGoesToRentalHomePage(java.lang.String)
  When user provides "New Zealand"                                                                                 # stepDefinitions.Steps.userProvides(java.lang.String)
  And user provides book details "30-April-2022", "08-May-2022", "Auckland", "Auckland", "A2-C2" and "New Zealand" # stepDefinitions.Steps.userProvidesBookDetailsAnd(java.lang.String,java.lang.String,java.lang.String,java.lang.String,java.lang.String,java.lang.String)
  And user clicks on SEARCH button                                                                                 # stepDefinitions.Steps.userClicksOnSEARCHButton()
  Then there should be "4 Results" results returned                                                                # stepDefinitions.Steps.thereShouldBeResultsReturned(java.lang.String)
]]></system-out>
    <system-err><![CDATA[Starting ChromeDriver 100.0.4896.60 (6a5d10861ce8de5fce22564658033b43cb7de047-refs/branch-heads/4896@{#875}) on port 52277
Only local connections are allowed.
Please see https://chromedriver.chromium.org/security-considerations for suggestions on keeping ChromeDriver safe.
ChromeDriver was started successfully.
Apr 11, 2022 2:31:39 PM org.openqa.selenium.remote.ProtocolHandshake createSession
INFO: Detected dialect: W3C
Apr 11, 2022 2:31:39 PM org.openqa.selenium.devtools.CdpVersionFinder findNearestMatch
WARNING: Unable to find an exact match for CDP version 100, so returning the closest version found: 99
Apr 11, 2022 2:31:39 PM org.openqa.selenium.devtools.CdpVersionFinder findNearestMatch
INFO: Found CDP implementation for version 100 of 99
]]></system-err>
  </testcase>
</testsuite>